This is pdfTeX, Version 3.141592653-2.6-1.40.24 (TeX Live 2022/Debian) (preloaded format=pdflatex 2024.1.26)  24 APR 2024 11:54
entering extended mode
 restricted \write18 enabled.
 %&-line parsing enabled.
**"Rapport APS.tex"
(./Rapport APS.tex
LaTeX2e <2022-11-01> patch level 1
L3 programming layer <2023-01-16>
(/usr/share/texlive/texmf-dist/tex/latex/base/article.cls
Document Class: article 2022/07/02 v1.4n Standard LaTeX document class
(/usr/share/texlive/texmf-dist/tex/latex/base/size10.clo
File: size10.clo 2022/07/02 v1.4n Standard LaTeX file (size option)
)
\c@part=\count185
\c@section=\count186
\c@subsection=\count187
\c@subsubsection=\count188
\c@paragraph=\count189
\c@subparagraph=\count190
\c@figure=\count191
\c@table=\count192
\abovecaptionskip=\skip48
\belowcaptionskip=\skip49
\bibindent=\dimen140
)
(/usr/share/texlive/texmf-dist/tex/latex/base/inputenc.sty
Package: inputenc 2021/02/14 v1.3d Input encoding file
\inpenc@prehook=\toks16
\inpenc@posthook=\toks17
)
(/usr/share/texlive/texmf-dist/tex/latex/graphics/graphicx.sty
Package: graphicx 2021/09/16 v1.2d Enhanced LaTeX Graphics (DPC,SPQR)

(/usr/share/texlive/texmf-dist/tex/latex/graphics/keyval.sty
Package: keyval 2022/05/29 v1.15 key=value parser (DPC)
\KV@toks@=\toks18
)
(/usr/share/texlive/texmf-dist/tex/latex/graphics/graphics.sty
Package: graphics 2022/03/10 v1.4e Standard LaTeX Graphics (DPC,SPQR)

(/usr/share/texlive/texmf-dist/tex/latex/graphics/trig.sty
Package: trig 2021/08/11 v1.11 sin cos tan (DPC)
)
(/usr/share/texlive/texmf-dist/tex/latex/graphics-cfg/graphics.cfg
File: graphics.cfg 2016/06/04 v1.11 sample graphics configuration
)
Package graphics Info: Driver file: pdftex.def on input line 107.

(/usr/share/texlive/texmf-dist/tex/latex/graphics-def/pdftex.def
File: pdftex.def 2022/09/22 v1.2b Graphics/color driver for pdftex
))
\Gin@req@height=\dimen141
\Gin@req@width=\dimen142
)
(/usr/share/texlive/texmf-dist/tex/latex/hyperref/hyperref.sty
Package: hyperref 2022-11-13 v7.00u Hypertext links for LaTeX

(/usr/share/texlive/texmf-dist/tex/generic/ltxcmds/ltxcmds.sty
Package: ltxcmds 2020-05-10 v1.25 LaTeX kernel commands for general use (HO)
)
(/usr/share/texlive/texmf-dist/tex/generic/iftex/iftex.sty
Package: iftex 2022/02/03 v1.0f TeX engine tests
)
(/usr/share/texlive/texmf-dist/tex/generic/pdftexcmds/pdftexcmds.sty
Package: pdftexcmds 2020-06-27 v0.33 Utility functions of pdfTeX for LuaTeX (HO
)

(/usr/share/texlive/texmf-dist/tex/generic/infwarerr/infwarerr.sty
Package: infwarerr 2019/12/03 v1.5 Providing info/warning/error messages (HO)
)
Package pdftexcmds Info: \pdf@primitive is available.
Package pdftexcmds Info: \pdf@ifprimitive is available.
Package pdftexcmds Info: \pdfdraftmode found.
)
(/usr/share/texlive/texmf-dist/tex/latex/kvsetkeys/kvsetkeys.sty
Package: kvsetkeys 2022-10-05 v1.19 Key value parser (HO)
)
(/usr/share/texlive/texmf-dist/tex/generic/kvdefinekeys/kvdefinekeys.sty
Package: kvdefinekeys 2019-12-19 v1.6 Define keys (HO)
)
(/usr/share/texlive/texmf-dist/tex/generic/pdfescape/pdfescape.sty
Package: pdfescape 2019/12/09 v1.15 Implements pdfTeX's escape features (HO)
)
(/usr/share/texlive/texmf-dist/tex/latex/hycolor/hycolor.sty
Package: hycolor 2020-01-27 v1.10 Color options for hyperref/bookmark (HO)
)
(/usr/share/texlive/texmf-dist/tex/latex/letltxmacro/letltxmacro.sty
Package: letltxmacro 2019/12/03 v1.6 Let assignment for LaTeX macros (HO)
)
(/usr/share/texlive/texmf-dist/tex/latex/auxhook/auxhook.sty
Package: auxhook 2019-12-17 v1.6 Hooks for auxiliary files (HO)
)
(/usr/share/texlive/texmf-dist/tex/latex/hyperref/nameref.sty
Package: nameref 2022-05-17 v2.50 Cross-referencing by name of section

(/usr/share/texlive/texmf-dist/tex/latex/refcount/refcount.sty
Package: refcount 2019/12/15 v3.6 Data extraction from label references (HO)
)
(/usr/share/texlive/texmf-dist/tex/generic/gettitlestring/gettitlestring.sty
Package: gettitlestring 2019/12/15 v1.6 Cleanup title references (HO)

(/usr/share/texlive/texmf-dist/tex/latex/kvoptions/kvoptions.sty
Package: kvoptions 2022-06-15 v3.15 Key value format for package options (HO)
))
\c@section@level=\count193
)
\@linkdim=\dimen143
\Hy@linkcounter=\count194
\Hy@pagecounter=\count195

(/usr/share/texlive/texmf-dist/tex/latex/hyperref/pd1enc.def
File: pd1enc.def 2022-11-13 v7.00u Hyperref: PDFDocEncoding definition (HO)
Now handling font encoding PD1 ...
... no UTF-8 mapping file for font encoding PD1
)
(/usr/share/texlive/texmf-dist/tex/generic/intcalc/intcalc.sty
Package: intcalc 2019/12/15 v1.3 Expandable calculations with integers (HO)
)
(/usr/share/texlive/texmf-dist/tex/generic/etexcmds/etexcmds.sty
Package: etexcmds 2019/12/15 v1.7 Avoid name clashes with e-TeX commands (HO)
)
\Hy@SavedSpaceFactor=\count196

(/usr/share/texlive/texmf-dist/tex/latex/hyperref/puenc.def
File: puenc.def 2022-11-13 v7.00u Hyperref: PDF Unicode definition (HO)
Now handling font encoding PU ...
... no UTF-8 mapping file for font encoding PU
)
Package hyperref Info: Hyper figures OFF on input line 4162.
Package hyperref Info: Link nesting OFF on input line 4167.
Package hyperref Info: Hyper index ON on input line 4170.
Package hyperref Info: Plain pages OFF on input line 4177.
Package hyperref Info: Backreferencing OFF on input line 4182.
Package hyperref Info: Implicit mode ON; LaTeX internals redefined.
Package hyperref Info: Bookmarks ON on input line 4410.
\c@Hy@tempcnt=\count197

(/usr/share/texlive/texmf-dist/tex/latex/url/url.sty
\Urlmuskip=\muskip16
Package: url 2013/09/16  ver 3.4  Verb mode for urls, etc.
)
LaTeX Info: Redefining \url on input line 4748.
\XeTeXLinkMargin=\dimen144

(/usr/share/texlive/texmf-dist/tex/generic/bitset/bitset.sty
Package: bitset 2019/12/09 v1.3 Handle bit-vector datatype (HO)

(/usr/share/texlive/texmf-dist/tex/generic/bigintcalc/bigintcalc.sty
Package: bigintcalc 2019/12/15 v1.5 Expandable calculations on big integers (HO
)
))
\Fld@menulength=\count198
\Field@Width=\dimen145
\Fld@charsize=\dimen146
Package hyperref Info: Hyper figures OFF on input line 6027.
Package hyperref Info: Link nesting OFF on input line 6032.
Package hyperref Info: Hyper index ON on input line 6035.
Package hyperref Info: backreferencing OFF on input line 6042.
Package hyperref Info: Link coloring OFF on input line 6047.
Package hyperref Info: Link coloring with OCG OFF on input line 6052.
Package hyperref Info: PDF/A mode OFF on input line 6057.

(/usr/share/texlive/texmf-dist/tex/latex/base/atbegshi-ltx.sty
Package: atbegshi-ltx 2021/01/10 v1.0c Emulation of the original atbegshi
package with kernel methods
)
\Hy@abspage=\count199
\c@Item=\count266
\c@Hfootnote=\count267
)
Package hyperref Info: Driver (autodetected): hpdftex.

(/usr/share/texlive/texmf-dist/tex/latex/hyperref/hpdftex.def
File: hpdftex.def 2022-11-13 v7.00u Hyperref driver for pdfTeX

(/usr/share/texlive/texmf-dist/tex/latex/base/atveryend-ltx.sty
Package: atveryend-ltx 2020/08/19 v1.0a Emulation of the original atveryend pac
kage
with kernel methods
)
\Fld@listcount=\count268
\c@bookmark@seq@number=\count269

(/usr/share/texlive/texmf-dist/tex/latex/rerunfilecheck/rerunfilecheck.sty
Package: rerunfilecheck 2022-07-10 v1.10 Rerun checks for auxiliary files (HO)

(/usr/share/texlive/texmf-dist/tex/generic/uniquecounter/uniquecounter.sty
Package: uniquecounter 2019/12/15 v1.4 Provide unlimited unique counter (HO)
)
Package uniquecounter Info: New unique counter `rerunfilecheck' on input line 2
85.
)
\Hy@SectionHShift=\skip50
)
(/usr/share/texlive/texmf-dist/tex/latex/caption/subcaption.sty
Package: subcaption 2022/01/07 v1.5 Sub-captions (AR)

(/usr/share/texlive/texmf-dist/tex/latex/caption/caption.sty
Package: caption 2022/03/01 v3.6b Customizing captions (AR)

(/usr/share/texlive/texmf-dist/tex/latex/caption/caption3.sty
Package: caption3 2022/03/17 v2.3b caption3 kernel (AR)
\caption@tempdima=\dimen147
\captionmargin=\dimen148
\caption@leftmargin=\dimen149
\caption@rightmargin=\dimen150
\caption@width=\dimen151
\caption@indent=\dimen152
\caption@parindent=\dimen153
\caption@hangindent=\dimen154
Package caption Info: Standard document class detected.
)
\c@caption@flags=\count270
\c@continuedfloat=\count271
Package caption Info: hyperref package is loaded.
)
\c@subfigure=\count272
\c@subtable=\count273
)
(/usr/share/texlive/texmf-dist/tex/latex/float/float.sty
Package: float 2001/11/08 v1.3d Float enhancements (AL)
\c@float@type=\count274
\float@exts=\toks19
\float@box=\box51
\@float@everytoks=\toks20
\@floatcapt=\box52
)
Package hyperref Info: Option `colorlinks' set `false' on input line 12.

(/usr/share/texlive/texmf-dist/tex/latex/l3backend/l3backend-pdftex.def
File: l3backend-pdftex.def 2023-01-16 L3 backend support: PDF output (pdfTeX)
\l__color_backend_stack_int=\count275
\l__pdf_internal_box=\box53
)
(./Rapport APS.aux

LaTeX Warning: Label `fig:exemple1' multiply defined.


LaTeX Warning: Label `fig:exemple1' multiply defined.


LaTeX Warning: Label `fig:sub1' multiply defined.


LaTeX Warning: Label `sub@fig:sub1' multiply defined.


LaTeX Warning: Label `fig:sub2' multiply defined.


LaTeX Warning: Label `sub@fig:sub2' multiply defined.


LaTeX Warning: Label `fig:images' multiply defined.


LaTeX Warning: Label `fig:exemple1' multiply defined.


LaTeX Warning: Label `fig:exemple1' multiply defined.


LaTeX Warning: Label `fig:exemple1' multiply defined.


LaTeX Warning: Label `fig:sub1' multiply defined.


LaTeX Warning: Label `sub@fig:sub1' multiply defined.


LaTeX Warning: Label `fig:sub2' multiply defined.


LaTeX Warning: Label `sub@fig:sub2' multiply defined.


LaTeX Warning: Label `fig:images' multiply defined.


LaTeX Warning: Label `fig:sub1' multiply defined.


LaTeX Warning: Label `sub@fig:sub1' multiply defined.


LaTeX Warning: Label `fig:sub2' multiply defined.


LaTeX Warning: Label `sub@fig:sub2' multiply defined.


LaTeX Warning: Label `fig:sub2' multiply defined.


LaTeX Warning: Label `sub@fig:sub2' multiply defined.


LaTeX Warning: Label `fig:images' multiply defined.

)
\openout1 = `"Rapport APS.aux"'.

LaTeX Font Info:    Checking defaults for OML/cmm/m/it on input line 19.
LaTeX Font Info:    ... okay on input line 19.
LaTeX Font Info:    Checking defaults for OMS/cmsy/m/n on input line 19.
LaTeX Font Info:    ... okay on input line 19.
LaTeX Font Info:    Checking defaults for OT1/cmr/m/n on input line 19.
LaTeX Font Info:    ... okay on input line 19.
LaTeX Font Info:    Checking defaults for T1/cmr/m/n on input line 19.
LaTeX Font Info:    ... okay on input line 19.
LaTeX Font Info:    Checking defaults for TS1/cmr/m/n on input line 19.
LaTeX Font Info:    ... okay on input line 19.
LaTeX Font Info:    Checking defaults for OMX/cmex/m/n on input line 19.
LaTeX Font Info:    ... okay on input line 19.
LaTeX Font Info:    Checking defaults for U/cmr/m/n on input line 19.
LaTeX Font Info:    ... okay on input line 19.
LaTeX Font Info:    Checking defaults for PD1/pdf/m/n on input line 19.
LaTeX Font Info:    ... okay on input line 19.
LaTeX Font Info:    Checking defaults for PU/pdf/m/n on input line 19.
LaTeX Font Info:    ... okay on input line 19.
 (/usr/share/texlive/texmf-dist/tex/context/base/mkii/supp-pdf.mkii
[Loading MPS to PDF converter (version 2006.09.02).]
\scratchcounter=\count276
\scratchdimen=\dimen155
\scratchbox=\box54
\nofMPsegments=\count277
\nofMParguments=\count278
\everyMPshowfont=\toks21
\MPscratchCnt=\count279
\MPscratchDim=\dimen156
\MPnumerator=\count280
\makeMPintoPDFobject=\count281
\everyMPtoPDFconversion=\toks22
) (/usr/share/texlive/texmf-dist/tex/latex/epstopdf-pkg/epstopdf-base.sty
Package: epstopdf-base 2020-01-24 v2.11 Base part for package epstopdf
Package epstopdf-base Info: Redefining graphics rule for `.eps' on input line 4
85.

(/usr/share/texlive/texmf-dist/tex/latex/latexconfig/epstopdf-sys.cfg
File: epstopdf-sys.cfg 2010/07/13 v1.3 Configuration of (r)epstopdf for TeX Liv
e
))
Package hyperref Info: Link coloring OFF on input line 19.

(./Rapport APS.out) (./Rapport APS.out)
\@outlinefile=\write3
\openout3 = `"Rapport APS.out"'.

Package caption Info: Begin \AtBeginDocument code.
Package caption Info: float package is loaded.
Package caption Info: End \AtBeginDocument code.
LaTeX Font Info:    External font `cmex10' loaded for size
(Font)              <12> on input line 22.
LaTeX Font Info:    External font `cmex10' loaded for size
(Font)              <8> on input line 22.
LaTeX Font Info:    External font `cmex10' loaded for size
(Font)              <6> on input line 22.
LaTeX Font Info:    Trying to load font information for OMS+cmr on input line 2
7.

(/usr/share/texlive/texmf-dist/tex/latex/base/omscmr.fd
File: omscmr.fd 2022/07/10 v2.5l Standard LaTeX font definitions
)
LaTeX Font Info:    Font shape `OMS/cmr/m/n' in size <10> not available
(Font)              Font shape `OMS/cmsy/m/n' tried instead on input line 27.
<./images/installation.png, id=24, 444.66125pt x 49.18375pt>
File: ./images/installation.png Graphic file (type png)
<use ./images/installation.png>
Package pdftex.def Info: ./images/installation.png  used on input line 30.
(pdftex.def)             Requested size: 276.00105pt x 30.5281pt.

Underfull \hbox (badness 10000) in paragraph at lines 43--46

 []


Overfull \hbox (108.54274pt too wide) in paragraph at lines 43--46
\OT1/cmr/m/n/10 (PROG)(DEFS)(END)(CONST)(FUN)(FUNREC)(ECHO)(NUM)(ID)(IF)(AND)(O
R)(APP)(ABS):ok 
 []

[1

{/var/lib/texmf/fonts/map/pdftex/updmap/pdftex.map} <./images/installation.png>
]
Overfull \hbox (5.24028pt too wide) in paragraph at lines 48--51
\OT1/cmr/m/n/10 Utilisez 42 comme r^^Sesultat de la v^^Serification. Si l'ECHO 
fi-nal est 42, la v^^Serification
 []


Underfull \hbox (badness 10000) in paragraph at lines 48--51

 []


Overfull \hbox (108.54274pt too wide) in paragraph at lines 48--51
\OT1/cmr/m/n/10 (PROG)(DEFS)(END)(CONST)(FUN)(FUNREC)(ECHO)(NUM)(ID)(IF)(AND)(O
R)(APP)(ABS):ok 
 []


Overfull \hbox (19.66734pt too wide) in paragraph at lines 53--54
\OT1/cmr/m/n/10 APS1 ajoute deux nou-veaux con-teneurs, M^^Semoire et Flux, bas
^^Ses sur l'environnement.
 []

[2]
<./images/lexer.png, id=54, 605.26125pt x 414.54875pt>
File: ./images/lexer.png Graphic file (type png)
<use ./images/lexer.png>
Package pdftex.def Info: ./images/lexer.png  used on input line 96.
(pdftex.def)             Requested size: 276.00105pt x 189.03745pt.
<./images/ast.png, id=55, 293.095pt x 176.66pt>
File: ./images/ast.png Graphic file (type png)
<use ./images/ast.png>
Package pdftex.def Info: ./images/ast.png  used on input line 106.
(pdftex.def)             Requested size: 155.24895pt x 93.57274pt.
<./images/parser.png, id=56, 464.73625pt x 187.70125pt>
File: ./images/parser.png Graphic file (type png)
<use ./images/parser.png>
Package pdftex.def Info: ./images/parser.png  used on input line 113.
(pdftex.def)             Requested size: 155.24895pt x 62.70058pt.
 [3 <./images/lexer.png>]
<./images/prologTerm.png, id=69, 792.9625pt x 214.8025pt>
File: ./images/prologTerm.png Graphic file (type png)
<use ./images/prologTerm.png>
Package pdftex.def Info: ./images/prologTerm.png  used on input line 124.
(pdftex.def)             Requested size: 276.00105pt x 74.76573pt.
<./images/typage1.png, id=70, 290.08376pt x 228.855pt>
File: ./images/typage1.png Graphic file (type png)
<use ./images/typage1.png>
Package pdftex.def Info: ./images/typage1.png  used on input line 134.
(pdftex.def)             Requested size: 155.24895pt x 122.47986pt.
<./images/eval1.png, id=71, 290.08376pt x 228.855pt>
File: ./images/eval1.png Graphic file (type png)
<use ./images/eval1.png>
Package pdftex.def Info: ./images/eval1.png  used on input line 140.
(pdftex.def)             Requested size: 155.24895pt x 122.47986pt.
<./images/eval2.png, id=72, 505.89pt x 318.18875pt>
File: ./images/eval2.png Graphic file (type png)
<use ./images/eval2.png>
Package pdftex.def Info: ./images/eval2.png  used on input line 150.
(pdftex.def)             Requested size: 276.00105pt x 173.59634pt.
 [4 <./images/ast.png> <./images/parser.png> <./images/prologTerm.png> <./image
s/typage1.png> <./images/eval1.png>]
<./images/eval3.png, id=86, 704.6325pt x 116.435pt>
File: ./images/eval3.png Graphic file (type png)
<use ./images/eval3.png>
Package pdftex.def Info: ./images/eval3.png  used on input line 158.
(pdftex.def)             Requested size: 276.00105pt x 45.60666pt.
<./images/typage2.png, id=87, 656.4525pt x 230.8625pt>
File: ./images/typage2.png Graphic file (type png)
<use ./images/typage2.png>
Package pdftex.def Info: ./images/typage2.png  used on input line 166.
(pdftex.def)             Requested size: 276.00105pt x 97.06374pt.

Overfull \hbox (0.61171pt too wide) in paragraph at lines 170--171
[]\OT1/cmr/m/n/10 Lorsque nous ren-con-trons une er-reur in-trou-vable, nous ut
il-isons la m^^Sethode
 []

<./images/script.png, id=88, 674.52pt x 340.27126pt>
File: ./images/script.png Graphic file (type png)
<use ./images/script.png>
Package pdftex.def Info: ./images/script.png  used on input line 176.
(pdftex.def)             Requested size: 155.24895pt x 78.31784pt.
<./images/script2.png, id=89, 358.33875pt x 220.825pt>
File: ./images/script2.png Graphic file (type png)
<use ./images/script2.png>
Package pdftex.def Info: ./images/script2.png  used on input line 182.
(pdftex.def)             Requested size: 155.24895pt x 95.67397pt.
[5 <./images/eval2.png> <./images/eval3.png> <./images/typage2.png>]
<./images/error.png, id=100, 371.3875pt x 42.1575pt>
File: ./images/error.png Graphic file (type png)
<use ./images/error.png>
Package pdftex.def Info: ./images/error.png  used on input line 202.
(pdftex.def)             Requested size: 155.24895pt x 17.62303pt.
<./images/error_correction.png, id=101, 371.3875pt x 42.1575pt>
File: ./images/error_correction.png Graphic file (type png)
<use ./images/error_correction.png>
Package pdftex.def Info: ./images/error_correction.png  used on input line 208.

(pdftex.def)             Requested size: 155.24895pt x 17.62303pt.
<./images/error_solution.png, id=102, 728.7225pt x 328.22626pt>
File: ./images/error_solution.png Graphic file (type png)
<use ./images/error_solution.png>
Package pdftex.def Info: ./images/error_solution.png  used on input line 214.
(pdftex.def)             Requested size: 276.00105pt x 124.31157pt.
 [6 <./images/script.png> <./images/script2.png> <./images/error.png> <./images
/error_correction.png> <./images/error_solution.png>] [7] (./Rapport APS.aux)

LaTeX Warning: There were multiply-defined labels.

Package rerunfilecheck Info: File `"Rapport APS".out' has not changed.
(rerunfilecheck)             Checksum: D181F30921BCDCE2A2A23E4C64CAA2D3;513.
 ) 
Here is how much of TeX's memory you used:
 9788 strings out of 476091
 161541 string characters out of 5794081
 1858330 words of memory out of 5000000
 30025 multiletter control sequences out of 15000+600000
 517176 words of font info for 48 fonts, out of 8000000 for 9000
 1141 hyphenation exceptions out of 8191
 75i,8n,77p,817b,578s stack positions out of 10000i,1000n,20000p,200000b,200000s
{/usr/share/texmf/fonts/enc/dvips/cm-super/cm-super-ts1.enc}</usr/share/texli
ve/texmf-dist/fonts/type1/public/amsfonts/cm/cmbx10.pfb></usr/share/texlive/tex
mf-dist/fonts/type1/public/amsfonts/cm/cmbx12.pfb></usr/share/texlive/texmf-dis
t/fonts/type1/public/amsfonts/cm/cmr10.pfb></usr/share/texlive/texmf-dist/fonts
/type1/public/amsfonts/cm/cmr12.pfb></usr/share/texlive/texmf-dist/fonts/type1/
public/amsfonts/cm/cmr17.pfb></usr/share/texlive/texmf-dist/fonts/type1/public/
amsfonts/cm/cmr9.pfb></usr/share/texlive/texmf-dist/fonts/type1/public/amsfonts
/cm/cmsy10.pfb></usr/share/texmf/fonts/type1/public/cm-super/sfrm1000.pfb>
Output written on "Rapport APS.pdf" (7 pages, 354750 bytes).
PDF statistics:
 168 PDF objects out of 1000 (max. 8388607)
 111 compressed objects within 2 object streams
 39 named destinations out of 1000 (max. 500000)
 116 words of extra memory for PDF output out of 10000 (max. 10000000)

